mode: set
github.com/eslupmi101/avito_merch_store/api/controller/auth.go:18.74,24.16 4 1
github.com/eslupmi101/avito_merch_store/api/controller/auth.go:24.16,28.3 3 0
github.com/eslupmi101/avito_merch_store/api/controller/auth.go:30.2,30.51 1 1
github.com/eslupmi101/avito_merch_store/api/controller/auth.go:30.51,34.3 3 1
github.com/eslupmi101/avito_merch_store/api/controller/auth.go:36.2,36.51 1 1
github.com/eslupmi101/avito_merch_store/api/controller/auth.go:36.51,40.3 3 1
github.com/eslupmi101/avito_merch_store/api/controller/auth.go:42.2,48.16 3 1
github.com/eslupmi101/avito_merch_store/api/controller/auth.go:48.16,52.3 3 1
github.com/eslupmi101/avito_merch_store/api/controller/auth.go:54.2,55.16 2 1
github.com/eslupmi101/avito_merch_store/api/controller/auth.go:55.16,59.3 3 0
github.com/eslupmi101/avito_merch_store/api/controller/auth.go:60.2,70.69 6 1
github.com/eslupmi101/avito_merch_store/api/controller/buy.go:17.61,22.9 4 1
github.com/eslupmi101/avito_merch_store/api/controller/buy.go:22.9,26.3 3 0
github.com/eslupmi101/avito_merch_store/api/controller/buy.go:28.2,29.22 2 1
github.com/eslupmi101/avito_merch_store/api/controller/buy.go:29.22,33.3 3 1
github.com/eslupmi101/avito_merch_store/api/controller/buy.go:35.2,36.9 2 1
github.com/eslupmi101/avito_merch_store/api/controller/buy.go:36.9,40.3 3 0
github.com/eslupmi101/avito_merch_store/api/controller/buy.go:42.2,43.16 2 1
github.com/eslupmi101/avito_merch_store/api/controller/buy.go:43.16,44.22 1 1
github.com/eslupmi101/avito_merch_store/api/controller/buy.go:45.29,47.62 2 1
github.com/eslupmi101/avito_merch_store/api/controller/buy.go:49.31,51.65 2 1
github.com/eslupmi101/avito_merch_store/api/controller/buy.go:53.11,55.74 2 0
github.com/eslupmi101/avito_merch_store/api/controller/buy.go:57.3,57.9 1 1
github.com/eslupmi101/avito_merch_store/api/controller/buy.go:60.2,61.97 2 1
github.com/eslupmi101/avito_merch_store/api/controller/coinSender.go:18.74,22.9 3 1
github.com/eslupmi101/avito_merch_store/api/controller/coinSender.go:22.9,26.3 3 0
github.com/eslupmi101/avito_merch_store/api/controller/coinSender.go:28.2,29.22 2 1
github.com/eslupmi101/avito_merch_store/api/controller/coinSender.go:29.22,33.3 3 1
github.com/eslupmi101/avito_merch_store/api/controller/coinSender.go:35.2,36.9 2 1
github.com/eslupmi101/avito_merch_store/api/controller/coinSender.go:36.9,40.3 3 0
github.com/eslupmi101/avito_merch_store/api/controller/coinSender.go:42.2,44.16 3 1
github.com/eslupmi101/avito_merch_store/api/controller/coinSender.go:44.16,48.3 3 0
github.com/eslupmi101/avito_merch_store/api/controller/coinSender.go:50.2,50.49 1 1
github.com/eslupmi101/avito_merch_store/api/controller/coinSender.go:50.49,54.3 3 0
github.com/eslupmi101/avito_merch_store/api/controller/coinSender.go:56.2,56.49 1 1
github.com/eslupmi101/avito_merch_store/api/controller/coinSender.go:56.49,60.3 3 1
github.com/eslupmi101/avito_merch_store/api/controller/coinSender.go:62.2,67.105 2 1
github.com/eslupmi101/avito_merch_store/api/controller/coinSender.go:67.105,68.22 1 1
github.com/eslupmi101/avito_merch_store/api/controller/coinSender.go:69.29,71.62 2 1
github.com/eslupmi101/avito_merch_store/api/controller/coinSender.go:73.32,75.66 2 1
github.com/eslupmi101/avito_merch_store/api/controller/coinSender.go:77.11,79.74 2 0
github.com/eslupmi101/avito_merch_store/api/controller/coinSender.go:81.3,81.9 1 1
github.com/eslupmi101/avito_merch_store/api/controller/coinSender.go:84.2,85.104 2 1
github.com/eslupmi101/avito_merch_store/api/controller/profile.go:17.69,21.9 3 1
github.com/eslupmi101/avito_merch_store/api/controller/profile.go:21.9,25.3 3 0
github.com/eslupmi101/avito_merch_store/api/controller/profile.go:27.2,28.22 2 1
github.com/eslupmi101/avito_merch_store/api/controller/profile.go:28.22,32.3 3 1
github.com/eslupmi101/avito_merch_store/api/controller/profile.go:34.2,35.9 2 1
github.com/eslupmi101/avito_merch_store/api/controller/profile.go:35.9,39.3 3 0
github.com/eslupmi101/avito_merch_store/api/controller/profile.go:41.2,42.16 2 1
github.com/eslupmi101/avito_merch_store/api/controller/profile.go:42.16,46.3 3 0
github.com/eslupmi101/avito_merch_store/api/controller/profile.go:48.2,52.68 4 1
